#! /opt/homebrew/Cellar/icarus-verilog/12.0/bin/vvp
:ivl_version "12.0 (stable)";
:ivl_delay_selection "TYPICAL";
:vpi_time_precision - 12;
:vpi_module "/opt/homebrew/Cellar/icarus-verilog/12.0/lib/ivl/system.vpi";
:vpi_module "/opt/homebrew/Cellar/icarus-verilog/12.0/lib/ivl/vhdl_sys.vpi";
:vpi_module "/opt/homebrew/Cellar/icarus-verilog/12.0/lib/ivl/vhdl_textio.vpi";
:vpi_module "/opt/homebrew/Cellar/icarus-verilog/12.0/lib/ivl/v2005_math.vpi";
:vpi_module "/opt/homebrew/Cellar/icarus-verilog/12.0/lib/ivl/va_math.vpi";
S_0x137e0df70 .scope module, "on_ANC_tb" "on_ANC_tb" 2 55;
 .timescale -9 -12;
P_0x137e0e0e0 .param/l "DATA_WIDTH" 0 2 57, +C4<00000000000000000000000000010000>;
P_0x137e0e120 .param/l "MEM_SIZE" 0 2 59, +C4<00000000000011110100001001000000>;
P_0x137e0e160 .param/l "REF_DELAY" 0 2 60, +C4<00000000000000000000000000010000>;
P_0x137e0e1a0 .param/l "TAP_LENGTH" 0 2 58, +C4<00000000000000000000000000100000>;
v0x137e1f3e0_0 .net/s "cleaned_out", 15 0, v0x137e1ea10_0;  1 drivers
v0x137e1f470_0 .var "clk", 0 0;
v0x137e1f500_0 .var/s "desired_in", 15 0;
v0x137e1f5d0_0 .var/i "i", 31 0;
v0x137e1f660_0 .var/s "noise_in", 15 0;
v0x137e1f730 .array/s "noisy_mem", 999999 0, 15 0;
v0x137e1f7c0 .array/s "out_mem", 999999 0, 15 0;
v0x137e1f850 .array/s "ref_mem", 999999 0, 15 0;
v0x137e1f8f0_0 .var "rst", 0 0;
S_0x137e0e320 .scope module, "mm" "on_ANC" 2 74, 2 3 0, S_0x137e0df70;
 .timescale -9 -12;
    .port_info 0 /INPUT 1 "clk";
    .port_info 1 /INPUT 1 "rst";
    .port_info 2 /INPUT 16 "noise_in";
    .port_info 3 /INPUT 16 "desired_in";
    .port_info 4 /OUTPUT 16 "cleaned_out";
P_0x137e0e490 .param/l "COEFF_WIDTH" 0 2 3, +C4<00000000000000000000000000100000>;
P_0x137e0e4d0 .param/l "DATA_WIDTH" 0 2 3, +C4<00000000000000000000000000010000>;
P_0x137e0e510 .param/l "MU_Q15" 0 2 3, +C4<0001000000000000>;
P_0x137e0e550 .param/l "NOISE_SCALE_Q15" 0 2 3, +C4<0100000000000000>;
P_0x137e0e590 .param/l "TAP_LENGTH" 0 2 3, +C4<00000000000000000000000000100000>;
L_0x128040010 .functor BUFT 1, C4<0100000000000000>, C4<0>, C4<0>, C4<0>;
v0x137e0e7e0_0 .net/2s *"_ivl_0", 15 0, L_0x128040010;  1 drivers
v0x137e1e8a0_0 .net/s *"_ivl_3", 15 0, L_0x137e1fa20;  1 drivers
v0x137e1e950_0 .net *"_ivl_6", 0 0, L_0x137e1fb40;  1 drivers
v0x137e1ea10_0 .var/s "cleaned_out", 15 0;
v0x137e1eac0_0 .net "clk", 0 0, v0x137e1f470_0;  1 drivers
v0x137e1eba0 .array/s "coeff", 31 0, 31 0;
v0x137e1ec40 .array/s "delay_line", 31 0, 15 0;
v0x137e1ece0_0 .net/s "desired_in", 15 0, v0x137e1f500_0;  1 drivers
v0x137e1ed90_0 .var/s "error_reg", 15 0;
v0x137e1eea0_0 .var/i "i", 31 0;
v0x137e1ef50_0 .net/s "noise_in", 15 0, v0x137e1f660_0;  1 drivers
v0x137e1f000_0 .var/s "prod", 95 0;
v0x137e1f0b0_0 .net "rst", 0 0, v0x137e1f8f0_0;  1 drivers
v0x137e1f150_0 .net/s "scaled_noise", 15 0, L_0x137e1fc20;  1 drivers
v0x137e1f200_0 .var/s "y_acc", 54 0;
v0x137e1f2b0_0 .var/s "y_out", 15 0;
E_0x137e0e650 .event posedge, v0x137e1f0b0_0, v0x137e1eac0_0;
L_0x137e1fa20 .arith/mult 16, v0x137e1f2b0_0, L_0x128040010;
L_0x137e1fb40 .part L_0x137e1fa20, 15, 1;
L_0x137e1fc20 .extend/s 16, L_0x137e1fb40;
    .scope S_0x137e0e320;
T_0 ;
    %wait E_0x137e0e650;
    %load/vec4 v0x137e1f0b0_0;
    %flag_set/vec4 8;
    %jmp/0xz  T_0.0, 8;
    %pushi/vec4 0, 0, 32;
    %store/vec4 v0x137e1eea0_0, 0, 32;
T_0.2 ;
    %load/vec4 v0x137e1eea0_0;
    %cmpi/s 32, 0, 32;
    %jmp/0xz T_0.3, 5;
    %pushi/vec4 0, 0, 32;
    %ix/getv/s 3, v0x137e1eea0_0;
    %ix/load 4, 0, 0; Constant delay
    %assign/vec4/a/d v0x137e1eba0, 0, 4;
    %pushi/vec4 0, 0, 16;
    %ix/getv/s 3, v0x137e1eea0_0;
    %ix/load 4, 0, 0; Constant delay
    %assign/vec4/a/d v0x137e1ec40, 0, 4;
    %load/vec4 v0x137e1eea0_0;
    %addi 1, 0, 32;
    %store/vec4 v0x137e1eea0_0, 0, 32;
    %jmp T_0.2;
T_0.3 ;
    %pushi/vec4 0, 0, 16;
    %assign/vec4 v0x137e1ea10_0, 0;
    %jmp T_0.1;
T_0.0 ;
    %pushi/vec4 31, 0, 32;
    %store/vec4 v0x137e1eea0_0, 0, 32;
T_0.4 ;
    %load/vec4 v0x137e1eea0_0;
    %cmpi/s 0, 0, 32;
    %flag_or 5, 4; GT is !LE
    %flag_inv 5;
    %jmp/0xz T_0.5, 5;
    %load/vec4 v0x137e1eea0_0;
    %subi 1, 0, 32;
    %ix/vec4/s 4;
    %load/vec4a v0x137e1ec40, 4;
    %ix/getv/s 3, v0x137e1eea0_0;
    %ix/load 4, 0, 0; Constant delay
    %assign/vec4/a/d v0x137e1ec40, 0, 4;
    %load/vec4 v0x137e1eea0_0;
    %subi 1, 0, 32;
    %store/vec4 v0x137e1eea0_0, 0, 32;
    %jmp T_0.4;
T_0.5 ;
    %load/vec4 v0x137e1ef50_0;
    %ix/load 3, 0, 0;
    %flag_set/imm 4, 0;
    %ix/load 4, 0, 0; Constant delay
    %assign/vec4/a/d v0x137e1ec40, 0, 4;
    %pushi/vec4 0, 0, 55;
    %store/vec4 v0x137e1f200_0, 0, 55;
    %pushi/vec4 0, 0, 32;
    %store/vec4 v0x137e1eea0_0, 0, 32;
T_0.6 ;
    %load/vec4 v0x137e1eea0_0;
    %cmpi/s 32, 0, 32;
    %jmp/0xz T_0.7, 5;
    %load/vec4 v0x137e1f200_0;
    %ix/getv/s 4, v0x137e1eea0_0;
    %load/vec4a v0x137e1eba0, 4;
    %pad/s 55;
    %ix/getv/s 4, v0x137e1eea0_0;
    %load/vec4a v0x137e1ec40, 4;
    %pad/s 55;
    %mul;
    %add;
    %store/vec4 v0x137e1f200_0, 0, 55;
    %load/vec4 v0x137e1eea0_0;
    %addi 1, 0, 32;
    %store/vec4 v0x137e1eea0_0, 0, 32;
    %jmp T_0.6;
T_0.7 ;
    %load/vec4 v0x137e1f200_0;
    %ix/load 4, 12, 0;
    %flag_set/imm 4, 0;
    %shiftr/s 4;
    %pad/s 16;
    %store/vec4 v0x137e1f2b0_0, 0, 16;
    %load/vec4 v0x137e1ece0_0;
    %load/vec4 v0x137e1f2b0_0;
    %sub;
    %store/vec4 v0x137e1ed90_0, 0, 16;
    %load/vec4 v0x137e1ece0_0;
    %load/vec4 v0x137e1f150_0;
    %sub;
    %assign/vec4 v0x137e1ea10_0, 0;
    %pushi/vec4 0, 0, 32;
    %store/vec4 v0x137e1eea0_0, 0, 32;
T_0.8 ;
    %load/vec4 v0x137e1eea0_0;
    %cmpi/s 32, 0, 32;
    %jmp/0xz T_0.9, 5;
    %load/vec4 v0x137e1ed90_0;
    %pad/s 96;
    %muli 4096, 0, 96;
    %ix/getv/s 4, v0x137e1eea0_0;
    %load/vec4a v0x137e1ec40, 4;
    %pad/s 96;
    %mul;
    %store/vec4 v0x137e1f000_0, 0, 96;
    %load/vec4 v0x137e1f000_0;
    %ix/load 4, 15, 0;
    %flag_set/imm 4, 0;
    %shiftr/s 4;
    %store/vec4 v0x137e1f000_0, 0, 96;
    %ix/getv/s 4, v0x137e1eea0_0;
    %load/vec4a v0x137e1eba0, 4;
    %load/vec4 v0x137e1f000_0;
    %parti/s 32, 0, 2;
    %add;
    %ix/getv/s 3, v0x137e1eea0_0;
    %ix/load 4, 0, 0; Constant delay
    %assign/vec4/a/d v0x137e1eba0, 0, 4;
    %load/vec4 v0x137e1eea0_0;
    %addi 1, 0, 32;
    %store/vec4 v0x137e1eea0_0, 0, 32;
    %jmp T_0.8;
T_0.9 ;
T_0.1 ;
    %jmp T_0;
    .thread T_0;
    .scope S_0x137e0df70;
T_1 ;
    %pushi/vec4 0, 0, 1;
    %store/vec4 v0x137e1f470_0, 0, 1;
    %end;
    .thread T_1;
    .scope S_0x137e0df70;
T_2 ;
    %delay 5000, 0;
    %load/vec4 v0x137e1f470_0;
    %inv;
    %store/vec4 v0x137e1f470_0, 0, 1;
    %jmp T_2;
    .thread T_2;
    .scope S_0x137e0df70;
T_3 ;
    %vpi_call 2 80 "$readmemh", "./Mem Files/noise ref/1/1_1.mem", v0x137e1f850 {0 0 0};
    %vpi_call 2 81 "$readmemh", "./Mem Files/noisy sig/1/1_1.mem", v0x137e1f730 {0 0 0};
    %pushi/vec4 1, 0, 1;
    %store/vec4 v0x137e1f8f0_0, 0, 1;
    %pushi/vec4 0, 0, 16;
    %store/vec4 v0x137e1f660_0, 0, 16;
    %pushi/vec4 0, 0, 16;
    %store/vec4 v0x137e1f500_0, 0, 16;
    %delay 20000, 0;
    %pushi/vec4 0, 0, 1;
    %store/vec4 v0x137e1f8f0_0, 0, 1;
    %pushi/vec4 0, 0, 32;
    %store/vec4 v0x137e1f5d0_0, 0, 32;
T_3.0 ;
    %load/vec4 v0x137e1f5d0_0;
    %cmpi/s 1000000, 0, 32;
    %jmp/0xz T_3.1, 5;
    %load/vec4 v0x137e1f5d0_0;
    %cmpi/s 16, 0, 32;
    %jmp/0xz  T_3.2, 5;
    %pushi/vec4 0, 0, 16;
    %store/vec4 v0x137e1f660_0, 0, 16;
    %jmp T_3.3;
T_3.2 ;
    %load/vec4 v0x137e1f5d0_0;
    %subi 16, 0, 32;
    %ix/vec4/s 4;
    %load/vec4a v0x137e1f850, 4;
    %store/vec4 v0x137e1f660_0, 0, 16;
T_3.3 ;
    %ix/getv/s 4, v0x137e1f5d0_0;
    %load/vec4a v0x137e1f730, 4;
    %store/vec4 v0x137e1f500_0, 0, 16;
    %delay 10000, 0;
    %load/vec4 v0x137e1f3e0_0;
    %ix/getv/s 4, v0x137e1f5d0_0;
    %store/vec4a v0x137e1f7c0, 4, 0;
    %load/vec4 v0x137e1f5d0_0;
    %addi 1, 0, 32;
    %store/vec4 v0x137e1f5d0_0, 0, 32;
    %jmp T_3.0;
T_3.1 ;
    %vpi_call 2 100 "$writememh", "./Mem Files/out file/1.mem", v0x137e1f7c0 {0 0 0};
    %vpi_call 2 101 "$finish" {0 0 0};
    %end;
    .thread T_3;
# The file index is used to find the file name in the following table.
:file_names 3;
    "N/A";
    "<interactive>";
    "on_ANC.v";
